1999.11.10 17:25 A C:\SunJava\collections\images\,apidoc.gif <-- staging /export/home2/dnourie/public_html/developer/onlineTraining/collections/images ,apidoc.gif
1999.11.10 17:25 A C:\SunJava\collections\images\,ArrayList.gif <-- staging /export/home2/dnourie/public_html/developer/onlineTraining/collections/images ,ArrayList.gif
1999.11.10 17:25 A C:\SunJava\collections\images\,backward.gif <-- staging /export/home2/dnourie/public_html/developer/onlineTraining/collections/images ,backward.gif
1999.11.10 17:25 A C:\SunJava\collections\images\,CollectionInterfaces.gif <-- staging /export/home2/dnourie/public_html/developer/onlineTraining/collections/images ,CollectionInterfaces.gif
1999.11.10 17:25 A C:\SunJava\collections\images\,CollectionInterfaces.vsd <-- staging /export/home2/dnourie/public_html/developer/onlineTraining/collections/images ,CollectionInterfaces.vsd
1999.11.10 17:25 A C:\SunJava\collections\images\,CollectionsUML.vsd <-- staging /export/home2/dnourie/public_html/developer/onlineTraining/collections/images ,CollectionsUML.vsd
1999.11.10 17:25 A C:\SunJava\collections\images\,courseintro.gif <-- staging /export/home2/dnourie/public_html/developer/onlineTraining/collections/images ,courseintro.gif
1999.11.10 17:25 A C:\SunJava\collections\images\,coursenotes.gif <-- staging /export/home2/dnourie/public_html/developer/onlineTraining/collections/images ,coursenotes.gif
1999.11.10 17:25 A C:\SunJava\collections\images\,exp.gif <-- staging /export/home2/dnourie/public_html/developer/onlineTraining/collections/images ,exp.gif
1999.11.10 17:25 A C:\SunJava\collections\images\,forward.gif <-- staging /export/home2/dnourie/public_html/developer/onlineTraining/collections/images ,forward.gif
1999.11.10 17:25 A C:\SunJava\collections\images\,greenbal.gif <-- staging /export/home2/dnourie/public_html/developer/onlineTraining/collections/images ,greenbal.gif
1999.11.10 17:25 A C:\SunJava\collections\images\,help.gif <-- staging /export/home2/dnourie/public_html/developer/onlineTraining/collections/images ,help.gif
1999.11.10 17:25 A C:\SunJava\collections\images\,JList.gif <-- staging /export/home2/dnourie/public_html/developer/onlineTraining/collections/images ,JList.gif
1999.11.10 17:25 A C:\SunJava\collections\images\,logo.gif <-- staging /export/home2/dnourie/public_html/developer/onlineTraining/collections/images ,logo.gif
1999.11.10 17:25 A C:\SunJava\collections\images\,longline.gif <-- staging /export/home2/dnourie/public_html/developer/onlineTraining/collections/images ,longline.gif
1999.11.10 17:25 A C:\SunJava\collections\images\,magercises.gif <-- staging /export/home2/dnourie/public_html/developer/onlineTraining/collections/images ,magercises.gif
1999.11.10 17:25 A C:\SunJava\collections\images\,moduleintro.gif <-- staging /export/home2/dnourie/public_html/developer/onlineTraining/collections/images ,moduleintro.gif
1999.11.10 17:25 A C:\SunJava\collections\images\,redball.gif <-- staging /export/home2/dnourie/public_html/developer/onlineTraining/collections/images ,redball.gif
1999.11.10 17:25 A C:\SunJava\collections\images\,slidelogo.gif <-- staging /export/home2/dnourie/public_html/developer/onlineTraining/collections/images ,slidelogo.gif
1999.11.10 17:25 A C:\SunJava\collections\images\,slidemonk.gif <-- staging /export/home2/dnourie/public_html/developer/onlineTraining/collections/images ,slidemonk.gif
1999.11.10 17:25 A C:\SunJava\collections\images\,slideTOC.gif <-- staging /export/home2/dnourie/public_html/developer/onlineTraining/collections/images ,slideTOC.gif
1999.11.10 17:25 A C:\SunJava\collections\images\,solution.gif <-- staging /export/home2/dnourie/public_html/developer/onlineTraining/collections/images ,solution.gif
1999.11.10 17:25 A C:\SunJava\collections\images\,swingapi.gif <-- staging /export/home2/dnourie/public_html/developer/onlineTraining/collections/images ,swingapi.gif
1999.11.10 17:25 A C:\SunJava\collections\images\,tmc_focus-small.gif <-- staging /export/home2/dnourie/public_html/developer/onlineTraining/collections/images ,tmc_focus-small.gif
1999.11.10 17:25 A C:\SunJava\collections\images\,UMLBitSet.gif <-- staging /export/home2/dnourie/public_html/developer/onlineTraining/collections/images ,UMLBitSet.gif
1999.11.10 17:25 A C:\SunJava\collections\images\,UMLCollection.gif <-- staging /export/home2/dnourie/public_html/developer/onlineTraining/collections/images ,UMLCollection.gif
1999.11.10 17:25 A C:\SunJava\collections\images\,UMLComparable.gif <-- staging /export/home2/dnourie/public_html/developer/onlineTraining/collections/images ,UMLComparable.gif
1999.11.10 17:25 A C:\SunJava\collections\images\,UMLComparator.gif <-- staging /export/home2/dnourie/public_html/developer/onlineTraining/collections/images ,UMLComparator.gif
1999.11.10 17:25 A C:\SunJava\collections\images\,UMLEnumeration.gif <-- staging /export/home2/dnourie/public_html/developer/onlineTraining/collections/images ,UMLEnumeration.gif
1999.11.10 17:25 A C:\SunJava\collections\images\,UMLIterator.gif <-- staging /export/home2/dnourie/public_html/developer/onlineTraining/collections/images ,UMLIterator.gif
1999.11.10 17:25 A C:\SunJava\collections\images\,UMLLinkedList.gif <-- staging /export/home2/dnourie/public_html/developer/onlineTraining/collections/images ,UMLLinkedList.gif
1999.11.10 17:25 A C:\SunJava\collections\images\,UMLList.gif <-- staging /export/home2/dnourie/public_html/developer/onlineTraining/collections/images ,UMLList.gif
1999.11.10 17:25 A C:\SunJava\collections\images\,UMLListIterator.gif <-- staging /export/home2/dnourie/public_html/developer/onlineTraining/collections/images ,UMLListIterator.gif
1999.11.10 17:25 A C:\SunJava\collections\images\,UMLMap.gif <-- staging /export/home2/dnourie/public_html/developer/onlineTraining/collections/images ,UMLMap.gif
1999.11.10 17:25 A C:\SunJava\collections\images\,UMLMapEntry.gif <-- staging /export/home2/dnourie/public_html/developer/onlineTraining/collections/images ,UMLMapEntry.gif
1999.11.10 17:25 A C:\SunJava\collections\images\,UMLSet.gif <-- staging /export/home2/dnourie/public_html/developer/onlineTraining/collections/images ,UMLSet.gif
1999.11.10 17:25 A C:\SunJava\collections\images\,UMLSortedListModel.gif <-- staging /export/home2/dnourie/public_html/developer/onlineTraining/collections/images ,UMLSortedListModel.gif
1999.11.10 17:25 A C:\SunJava\collections\images\,UMLSortedMap.gif <-- staging /export/home2/dnourie/public_html/developer/onlineTraining/collections/images ,UMLSortedMap.gif
1999.11.10 17:25 A C:\SunJava\collections\images\,UMLSortedSet.gif <-- staging /export/home2/dnourie/public_html/developer/onlineTraining/collections/images ,UMLSortedSet.gif
1999.11.10 17:25 A C:\SunJava\collections\images\,URLCount.gif <-- staging /export/home2/dnourie/public_html/developer/onlineTraining/collections/images ,URLCount.gif
1999.11.10 17:25 A C:\SunJava\collections\images\,venn.gif <-- staging /export/home2/dnourie/public_html/developer/onlineTraining/collections/images ,venn.gif
1999.11.10 17:25 A C:\SunJava\collections\images\apidoc.gif <-- staging /export/home2/dnourie/public_html/developer/onlineTraining/collections/images apidoc.gif
1999.11.10 17:25 A C:\SunJava\collections\images\ArrayList.gif <-- staging /export/home2/dnourie/public_html/developer/onlineTraining/collections/images ArrayList.gif
1999.11.10 17:25 A C:\SunJava\collections\images\backward.gif <-- staging /export/home2/dnourie/public_html/developer/onlineTraining/collections/images backward.gif
1999.11.10 17:25 A C:\SunJava\collections\images\CollectionInterfaces.gif <-- staging /export/home2/dnourie/public_html/developer/onlineTraining/collections/images CollectionInterfaces.gif
1999.11.10 17:25 A C:\SunJava\collections\images\CollectionInterfaces.vsd <-- staging /export/home2/dnourie/public_html/developer/onlineTraining/collections/images CollectionInterfaces.vsd
1999.11.10 17:25 A C:\SunJava\collections\images\CollectionsUML.vsd <-- staging /export/home2/dnourie/public_html/developer/onlineTraining/collections/images CollectionsUML.vsd
1999.11.10 17:25 A C:\SunJava\collections\images\courseintro.gif <-- staging /export/home2/dnourie/public_html/developer/onlineTraining/collections/images courseintro.gif
1999.11.10 17:25 A C:\SunJava\collections\images\coursenotes.gif <-- staging /export/home2/dnourie/public_html/developer/onlineTraining/collections/images coursenotes.gif
1999.11.10 17:25 A C:\SunJava\collections\images\exp.gif <-- staging /export/home2/dnourie/public_html/developer/onlineTraining/collections/images exp.gif
1999.11.10 17:25 A C:\SunJava\collections\images\forward.gif <-- staging /export/home2/dnourie/public_html/developer/onlineTraining/collections/images forward.gif
1999.11.10 17:25 A C:\SunJava\collections\images\greenbal.gif <-- staging /export/home2/dnourie/public_html/developer/onlineTraining/collections/images greenbal.gif
1999.11.10 17:25 A C:\SunJava\collections\images\help.gif <-- staging /export/home2/dnourie/public_html/developer/onlineTraining/collections/images help.gif
1999.11.10 17:25 A C:\SunJava\collections\images\JList.gif <-- staging /export/home2/dnourie/public_html/developer/onlineTraining/collections/images JList.gif
1999.11.10 17:25 A C:\SunJava\collections\images\logo.gif <-- staging /export/home2/dnourie/public_html/developer/onlineTraining/collections/images logo.gif
1999.11.10 17:25 A C:\SunJava\collections\images\longline.gif <-- staging /export/home2/dnourie/public_html/developer/onlineTraining/collections/images longline.gif
1999.11.10 17:25 A C:\SunJava\collections\images\magercises.gif <-- staging /export/home2/dnourie/public_html/developer/onlineTraining/collections/images magercises.gif
1999.11.10 17:25 A C:\SunJava\collections\images\moduleintro.gif <-- staging /export/home2/dnourie/public_html/developer/onlineTraining/collections/images moduleintro.gif
1999.11.10 17:25 A C:\SunJava\collections\images\redball.gif <-- staging /export/home2/dnourie/public_html/developer/onlineTraining/collections/images redball.gif
1999.11.10 17:26 A C:\SunJava\collections\images\slidelogo.gif <-- staging /export/home2/dnourie/public_html/developer/onlineTraining/collections/images slidelogo.gif
1999.11.10 17:26 A C:\SunJava\collections\images\slidemonk.gif <-- staging /export/home2/dnourie/public_html/developer/onlineTraining/collections/images slidemonk.gif
1999.11.10 17:26 A C:\SunJava\collections\images\slideTOC.gif <-- staging /export/home2/dnourie/public_html/developer/onlineTraining/collections/images slideTOC.gif
1999.11.10 17:26 A C:\SunJava\collections\images\solution.gif <-- staging /export/home2/dnourie/public_html/developer/onlineTraining/collections/images solution.gif
1999.11.10 17:26 A C:\SunJava\collections\images\swingapi.gif <-- staging /export/home2/dnourie/public_html/developer/onlineTraining/collections/images swingapi.gif
1999.11.10 17:26 A C:\SunJava\collections\images\tmc_focus-small.gif <-- staging /export/home2/dnourie/public_html/developer/onlineTraining/collections/images tmc_focus-small.gif
1999.11.10 17:26 A C:\SunJava\collections\images\UMLBitSet.gif <-- staging /export/home2/dnourie/public_html/developer/onlineTraining/collections/images UMLBitSet.gif
1999.11.10 17:26 A C:\SunJava\collections\images\UMLCollection.gif <-- staging /export/home2/dnourie/public_html/developer/onlineTraining/collections/images UMLCollection.gif
1999.11.10 17:26 A C:\SunJava\collections\images\UMLComparable.gif <-- staging /export/home2/dnourie/public_html/developer/onlineTraining/collections/images UMLComparable.gif
1999.11.10 17:26 A C:\SunJava\collections\images\UMLComparator.gif <-- staging /export/home2/dnourie/public_html/developer/onlineTraining/collections/images UMLComparator.gif
1999.11.10 17:26 A C:\SunJava\collections\images\UMLEnumeration.gif <-- staging /export/home2/dnourie/public_html/developer/onlineTraining/collections/images UMLEnumeration.gif
1999.11.10 17:26 A C:\SunJava\collections\images\UMLIterator.gif <-- staging /export/home2/dnourie/public_html/developer/onlineTraining/collections/images UMLIterator.gif
1999.11.10 17:26 A C:\SunJava\collections\images\UMLLinkedList.gif <-- staging /export/home2/dnourie/public_html/developer/onlineTraining/collections/images UMLLinkedList.gif
1999.11.10 17:26 A C:\SunJava\collections\images\UMLList.gif <-- staging /export/home2/dnourie/public_html/developer/onlineTraining/collections/images UMLList.gif
1999.11.10 17:26 A C:\SunJava\collections\images\UMLListIterator.gif <-- staging /export/home2/dnourie/public_html/developer/onlineTraining/collections/images UMLListIterator.gif
1999.11.10 17:26 A C:\SunJava\collections\images\UMLMap.gif <-- staging /export/home2/dnourie/public_html/developer/onlineTraining/collections/images UMLMap.gif
1999.11.10 17:26 A C:\SunJava\collections\images\UMLMapEntry.gif <-- staging /export/home2/dnourie/public_html/developer/onlineTraining/collections/images UMLMapEntry.gif
1999.11.10 17:26 A C:\SunJava\collections\images\UMLSet.gif <-- staging /export/home2/dnourie/public_html/developer/onlineTraining/collections/images UMLSet.gif
1999.11.10 17:26 A C:\SunJava\collections\images\UMLSortedListModel.gif <-- staging /export/home2/dnourie/public_html/developer/onlineTraining/collections/images UMLSortedListModel.gif
1999.11.10 17:26 A C:\SunJava\collections\images\UMLSortedMap.gif <-- staging /export/home2/dnourie/public_html/developer/onlineTraining/collections/images UMLSortedMap.gif
1999.11.10 17:26 A C:\SunJava\collections\images\UMLSortedSet.gif <-- staging /export/home2/dnourie/public_html/developer/onlineTraining/collections/images UMLSortedSet.gif
1999.11.10 17:26 A C:\SunJava\collections\images\URLCount.gif <-- staging /export/home2/dnourie/public_html/developer/onlineTraining/collections/images URLCount.gif
1999.11.10 17:26 A C:\SunJava\collections\images\venn.gif <-- staging /export/home2/dnourie/public_html/developer/onlineTraining/collections/images venn.gif
1999.11.11 12:31 B C:\SunJava\collections\images\,apidoc.gif <-- staging /export/home2/dnourie/public_html/developer/onlineTraining/collections/images ,apidoc.gif
1999.11.11 12:31 B C:\SunJava\collections\images\,ArrayList.gif <-- staging /export/home2/dnourie/public_html/developer/onlineTraining/collections/images ,ArrayList.gif
1999.11.11 12:31 B C:\SunJava\collections\images\,backward.gif <-- staging /export/home2/dnourie/public_html/developer/onlineTraining/collections/images ,backward.gif
1999.11.11 12:31 B C:\SunJava\collections\images\,CollectionInterfaces.gif <-- staging /export/home2/dnourie/public_html/developer/onlineTraining/collections/images ,CollectionInterfaces.gif
1999.11.11 12:31 B C:\SunJava\collections\images\,CollectionInterfaces.vsd <-- staging /export/home2/dnourie/public_html/developer/onlineTraining/collections/images ,CollectionInterfaces.vsd
1999.11.11 12:31 B C:\SunJava\collections\images\,CollectionsUML.vsd <-- staging /export/home2/dnourie/public_html/developer/onlineTraining/collections/images ,CollectionsUML.vsd
1999.11.11 12:31 B C:\SunJava\collections\images\,courseintro.gif <-- staging /export/home2/dnourie/public_html/developer/onlineTraining/collections/images ,courseintro.gif
1999.11.11 12:31 B C:\SunJava\collections\images\,coursenotes.gif <-- staging /export/home2/dnourie/public_html/developer/onlineTraining/collections/images ,coursenotes.gif
1999.11.11 12:31 B C:\SunJava\collections\images\,exp.gif <-- staging /export/home2/dnourie/public_html/developer/onlineTraining/collections/images ,exp.gif
1999.11.11 12:31 B C:\SunJava\collections\images\,forward.gif <-- staging /export/home2/dnourie/public_html/developer/onlineTraining/collections/images ,forward.gif
1999.11.11 12:31 B C:\SunJava\collections\images\,greenbal.gif <-- staging /export/home2/dnourie/public_html/developer/onlineTraining/collections/images ,greenbal.gif
1999.11.11 12:31 B C:\SunJava\collections\images\,help.gif <-- staging /export/home2/dnourie/public_html/developer/onlineTraining/collections/images ,help.gif
1999.11.11 12:31 B C:\SunJava\collections\images\,JList.gif <-- staging /export/home2/dnourie/public_html/developer/onlineTraining/collections/images ,JList.gif
1999.11.11 12:31 B C:\SunJava\collections\images\,logo.gif <-- staging /export/home2/dnourie/public_html/developer/onlineTraining/collections/images ,logo.gif
1999.11.11 12:31 B C:\SunJava\collections\images\,longline.gif <-- staging /export/home2/dnourie/public_html/developer/onlineTraining/collections/images ,longline.gif
1999.11.11 12:31 B C:\SunJava\collections\images\,magercises.gif <-- staging /export/home2/dnourie/public_html/developer/onlineTraining/collections/images ,magercises.gif
1999.11.11 12:31 B C:\SunJava\collections\images\,moduleintro.gif <-- staging /export/home2/dnourie/public_html/developer/onlineTraining/collections/images ,moduleintro.gif
1999.11.11 12:31 B C:\SunJava\collections\images\,redball.gif <-- staging /export/home2/dnourie/public_html/developer/onlineTraining/collections/images ,redball.gif
1999.11.11 12:31 B C:\SunJava\collections\images\,slidelogo.gif <-- staging /export/home2/dnourie/public_html/developer/onlineTraining/collections/images ,slidelogo.gif
1999.11.11 12:31 B C:\SunJava\collections\images\,slidemonk.gif <-- staging /export/home2/dnourie/public_html/developer/onlineTraining/collections/images ,slidemonk.gif
1999.11.11 12:31 B C:\SunJava\collections\images\,slideTOC.gif <-- staging /export/home2/dnourie/public_html/developer/onlineTraining/collections/images ,slideTOC.gif
1999.11.11 12:31 B C:\SunJava\collections\images\,solution.gif <-- staging /export/home2/dnourie/public_html/developer/onlineTraining/collections/images ,solution.gif
1999.11.11 12:31 B C:\SunJava\collections\images\,swingapi.gif <-- staging /export/home2/dnourie/public_html/developer/onlineTraining/collections/images ,swingapi.gif
1999.11.11 12:31 B C:\SunJava\collections\images\,tmc_focus-small.gif <-- staging /export/home2/dnourie/public_html/developer/onlineTraining/collections/images ,tmc_focus-small.gif
1999.11.11 12:31 B C:\SunJava\collections\images\,UMLBitSet.gif <-- staging /export/home2/dnourie/public_html/developer/onlineTraining/collections/images ,UMLBitSet.gif
1999.11.11 12:31 B C:\SunJava\collections\images\,UMLCollection.gif <-- staging /export/home2/dnourie/public_html/developer/onlineTraining/collections/images ,UMLCollection.gif
1999.11.11 12:31 B C:\SunJava\collections\images\,UMLComparable.gif <-- staging /export/home2/dnourie/public_html/developer/onlineTraining/collections/images ,UMLComparable.gif
1999.11.11 12:31 B C:\SunJava\collections\images\,UMLComparator.gif <-- staging /export/home2/dnourie/public_html/developer/onlineTraining/collections/images ,UMLComparator.gif
1999.11.11 12:32 B C:\SunJava\collections\images\,UMLEnumeration.gif <-- staging /export/home2/dnourie/public_html/developer/onlineTraining/collections/images ,UMLEnumeration.gif
1999.11.11 12:32 B C:\SunJava\collections\images\,UMLIterator.gif <-- staging /export/home2/dnourie/public_html/developer/onlineTraining/collections/images ,UMLIterator.gif
1999.11.11 12:32 B C:\SunJava\collections\images\,UMLLinkedList.gif <-- staging /export/home2/dnourie/public_html/developer/onlineTraining/collections/images ,UMLLinkedList.gif
1999.11.11 12:32 B C:\SunJava\collections\images\,UMLList.gif <-- staging /export/home2/dnourie/public_html/developer/onlineTraining/collections/images ,UMLList.gif
1999.11.11 12:32 B C:\SunJava\collections\images\,UMLListIterator.gif <-- staging /export/home2/dnourie/public_html/developer/onlineTraining/collections/images ,UMLListIterator.gif
1999.11.11 12:32 B C:\SunJava\collections\images\,UMLMap.gif <-- staging /export/home2/dnourie/public_html/developer/onlineTraining/collections/images ,UMLMap.gif
1999.11.11 12:32 B C:\SunJava\collections\images\,UMLMapEntry.gif <-- staging /export/home2/dnourie/public_html/developer/onlineTraining/collections/images ,UMLMapEntry.gif
1999.11.11 12:32 B C:\SunJava\collections\images\,UMLSet.gif <-- staging /export/home2/dnourie/public_html/developer/onlineTraining/collections/images ,UMLSet.gif
1999.11.11 12:32 B C:\SunJava\collections\images\,UMLSortedListModel.gif <-- staging /export/home2/dnourie/public_html/developer/onlineTraining/collections/images ,UMLSortedListModel.gif
1999.11.11 12:32 B C:\SunJava\collections\images\,UMLSortedMap.gif <-- staging /export/home2/dnourie/public_html/developer/onlineTraining/collections/images ,UMLSortedMap.gif
1999.11.11 12:32 B C:\SunJava\collections\images\,UMLSortedSet.gif <-- staging /export/home2/dnourie/public_html/developer/onlineTraining/collections/images ,UMLSortedSet.gif
1999.11.11 12:32 B C:\SunJava\collections\images\,URLCount.gif <-- staging /export/home2/dnourie/public_html/developer/onlineTraining/collections/images ,URLCount.gif
1999.11.11 12:32 B C:\SunJava\collections\images\,venn.gif <-- staging /export/home2/dnourie/public_html/developer/onlineTraining/collections/images ,venn.gif
1999.11.11 12:32 B C:\SunJava\collections\images\apidoc.gif <-- staging /export/home2/dnourie/public_html/developer/onlineTraining/collections/images apidoc.gif
1999.11.11 12:32 B C:\SunJava\collections\images\ArrayList.gif <-- staging /export/home2/dnourie/public_html/developer/onlineTraining/collections/images ArrayList.gif
1999.11.11 12:32 B C:\SunJava\collections\images\backward.gif <-- staging /export/home2/dnourie/public_html/developer/onlineTraining/collections/images backward.gif
1999.11.11 12:32 B C:\SunJava\collections\images\CollectionInterfaces.gif <-- staging /export/home2/dnourie/public_html/developer/onlineTraining/collections/images CollectionInterfaces.gif
1999.11.11 12:32 B C:\SunJava\collections\images\CollectionInterfaces.vsd <-- staging /export/home2/dnourie/public_html/developer/onlineTraining/collections/images CollectionInterfaces.vsd
1999.11.11 12:32 B C:\SunJava\collections\images\CollectionsUML.vsd <-- staging /export/home2/dnourie/public_html/developer/onlineTraining/collections/images CollectionsUML.vsd
1999.11.11 12:32 B C:\SunJava\collections\images\courseintro.gif <-- staging /export/home2/dnourie/public_html/developer/onlineTraining/collections/images courseintro.gif
1999.11.11 12:32 B C:\SunJava\collections\images\coursenotes.gif <-- staging /export/home2/dnourie/public_html/developer/onlineTraining/collections/images coursenotes.gif
1999.11.11 12:32 B C:\SunJava\collections\images\exp.gif <-- staging /export/home2/dnourie/public_html/developer/onlineTraining/collections/images exp.gif
1999.11.11 12:32 B C:\SunJava\collections\images\forward.gif <-- staging /export/home2/dnourie/public_html/developer/onlineTraining/collections/images forward.gif
1999.11.11 12:32 B C:\SunJava\collections\images\greenbal.gif <-- staging /export/home2/dnourie/public_html/developer/onlineTraining/collections/images greenbal.gif
1999.11.11 12:32 B C:\SunJava\collections\images\help.gif <-- staging /export/home2/dnourie/public_html/developer/onlineTraining/collections/images help.gif
1999.11.11 12:32 B C:\SunJava\collections\images\JList.gif <-- staging /export/home2/dnourie/public_html/developer/onlineTraining/collections/images JList.gif
1999.11.11 12:32 B C:\SunJava\collections\images\logo.gif <-- staging /export/home2/dnourie/public_html/developer/onlineTraining/collections/images logo.gif
1999.11.11 12:32 B C:\SunJava\collections\images\longline.gif <-- staging /export/home2/dnourie/public_html/developer/onlineTraining/collections/images longline.gif
1999.11.11 12:32 B C:\SunJava\collections\images\magercises.gif <-- staging /export/home2/dnourie/public_html/developer/onlineTraining/collections/images magercises.gif
1999.11.11 12:32 B C:\SunJava\collections\images\moduleintro.gif <-- staging /export/home2/dnourie/public_html/developer/onlineTraining/collections/images moduleintro.gif
1999.11.11 12:32 B C:\SunJava\collections\images\redball.gif <-- staging /export/home2/dnourie/public_html/developer/onlineTraining/collections/images redball.gif
1999.11.11 12:32 B C:\SunJava\collections\images\slidelogo.gif <-- staging /export/home2/dnourie/public_html/developer/onlineTraining/collections/images slidelogo.gif
1999.11.11 12:32 B C:\SunJava\collections\images\slidemonk.gif <-- staging /export/home2/dnourie/public_html/developer/onlineTraining/collections/images slidemonk.gif
1999.11.11 12:32 B C:\SunJava\collections\images\slideTOC.gif <-- staging /export/home2/dnourie/public_html/developer/onlineTraining/collections/images slideTOC.gif
1999.11.11 12:32 B C:\SunJava\collections\images\solution.gif <-- staging /export/home2/dnourie/public_html/developer/onlineTraining/collections/images solution.gif
1999.11.11 12:32 B C:\SunJava\collections\images\swingapi.gif <-- staging /export/home2/dnourie/public_html/developer/onlineTraining/collections/images swingapi.gif
1999.11.11 12:32 B C:\SunJava\collections\images\tmc_focus-small.gif <-- staging /export/home2/dnourie/public_html/developer/onlineTraining/collections/images tmc_focus-small.gif
1999.11.11 12:32 B C:\SunJava\collections\images\UMLBitSet.gif <-- staging /export/home2/dnourie/public_html/developer/onlineTraining/collections/images UMLBitSet.gif
1999.11.11 12:32 B C:\SunJava\collections\images\UMLCollection.gif <-- staging /export/home2/dnourie/public_html/developer/onlineTraining/collections/images UMLCollection.gif
1999.11.11 12:32 B C:\SunJava\collections\images\UMLComparable.gif <-- staging /export/home2/dnourie/public_html/developer/onlineTraining/collections/images UMLComparable.gif
1999.11.11 12:32 B C:\SunJava\collections\images\UMLComparator.gif <-- staging /export/home2/dnourie/public_html/developer/onlineTraining/collections/images UMLComparator.gif
1999.11.11 12:32 B C:\SunJava\collections\images\UMLEnumeration.gif <-- staging /export/home2/dnourie/public_html/developer/onlineTraining/collections/images UMLEnumeration.gif
1999.11.11 12:32 B C:\SunJava\collections\images\UMLIterator.gif <-- staging /export/home2/dnourie/public_html/developer/onlineTraining/collections/images UMLIterator.gif
1999.11.11 12:32 B C:\SunJava\collections\images\UMLLinkedList.gif <-- staging /export/home2/dnourie/public_html/developer/onlineTraining/collections/images UMLLinkedList.gif
1999.11.11 12:32 B C:\SunJava\collections\images\UMLList.gif <-- staging /export/home2/dnourie/public_html/developer/onlineTraining/collections/images UMLList.gif
1999.11.11 12:32 B C:\SunJava\collections\images\UMLListIterator.gif <-- staging /export/home2/dnourie/public_html/developer/onlineTraining/collections/images UMLListIterator.gif
1999.11.11 12:32 B C:\SunJava\collections\images\UMLMap.gif <-- staging /export/home2/dnourie/public_html/developer/onlineTraining/collections/images UMLMap.gif
1999.11.11 12:32 B C:\SunJava\collections\images\UMLMapEntry.gif <-- staging /export/home2/dnourie/public_html/developer/onlineTraining/collections/images UMLMapEntry.gif
1999.11.11 12:32 B C:\SunJava\collections\images\UMLSet.gif <-- staging /export/home2/dnourie/public_html/developer/onlineTraining/collections/images UMLSet.gif
1999.11.11 12:32 B C:\SunJava\collections\images\UMLSortedListModel.gif <-- staging /export/home2/dnourie/public_html/developer/onlineTraining/collections/images UMLSortedListModel.gif
1999.11.11 12:32 B C:\SunJava\collections\images\UMLSortedMap.gif <-- staging /export/home2/dnourie/public_html/developer/onlineTraining/collections/images UMLSortedMap.gif
1999.11.11 12:32 B C:\SunJava\collections\images\UMLSortedSet.gif <-- staging /export/home2/dnourie/public_html/developer/onlineTraining/collections/images UMLSortedSet.gif
1999.11.11 12:32 B C:\SunJava\collections\images\URLCount.gif <-- staging /export/home2/dnourie/public_html/developer/onlineTraining/collections/images URLCount.gif
1999.11.11 12:32 B C:\SunJava\collections\images\venn.gif <-- staging /export/home2/dnourie/public_html/developer/onlineTraining/collections/images venn.gif
